[    0.00000] nitilizin cgroup subsys cpuset
[    0.000000] Initializing cgroup subsys cpu
[    0.000000] Initializing cgroup subsys cpuacct
[    0.000000] Linux version 4.4.0-157-generic (buildd@lgw01-amd64-037) (gcc version 5.4.0 20160609 (Ubuntu 5.4.0-6ubuntu1~16.04.10) ) #185-Ubuntu SMP Tue Jul 23 09:17:01 UTC 2019 (Ubuntu 4.4.0-157.185-generic 4.4.181)
[    0.000000] Command line: BOOT_IMAGE=/boot/vmlinuz-4.4.0-157-generic root=LABEL=cloudimg-rootfs ro console=tty1 console=ttyS0
[    0.000000] KERNEL supported cpus:
[    0.000000]   Intel GenuineIntel
[    0.000000]   AMD AuthenticAMD
[    0.000000]   Centaur CentaurHauls
[    0.000000] x86/fpu: Legacy x87 FPU detected.
[    0.000000] e820: BIOS-provided physical RAM map:
[    0.000000] BIOS-e820: [mem 0x0000000000000000-0x000000000009fbff] usable
[    0.000000] BIOS-e820: [mem 0x000000000009fc00-0x000000000009ffff] reserved
[    0.000000] BIOS-e820: [mem 0x0000000000f0000-0x00000000000fffff] reserved
[    0.000000] BIOS-e820: [mem 0x0000000000100000-0x000000003ffeffff] usable
[    0.000000] BIOS-e820: [mem 0x000000003fff0000-0x000000003fffffff] ACPI data
[    0.000000] BIOS-e820: [mem 0x00000000fec00000-0x00000000fec00fff] reserved
[    0.000000] BIOS-e820: [mem 0x00000000fee00000-0x00000000fee00fff] reserved
[    0.000000] BIOS-e820: [mem 0x00000000fffc0000-0x00000000ffffffff] reserved
[    0.000000] NX (Execute Disable) protection: active
[    0.000000] SMBIOS 2.5 present.
[    0.000000] Hyperviso detected: KVM
[    0.000000] e820: last_pfn = 0x3fff0 max_arch_pfn = 0x400000000
[    0.0000000] MTRR: Disabled
[    0.000000] x86/PAT: MTRRs disabled, skipping PAT initialization too.
[    0.000000] CPU MTRRs all blank - virtualized system.
[    0.000000] x86/PAT: Configuration [0-7]: WB  WT  UC- UC  WB  WT  UC- UC  
[    0.000000] found SMP MP-table at [mem 0x0009fff0-0x0009ffff] mapped at [ffff88000009fff0]
[    0.000000] Scanning 1 areas for low memory corruption
[    0.00000 RAMDISK: [mem 0x362fa000-0x37174fff]
[    0.000000] ACPI: Early table checksum verifiicaion disabled
[    0.000000] ACPI: RSDP 0x00000000000E0000 000024 (v02 VBOX  )
[    0.000000] ACPI: XSDT 0x000000003FFF0030 00003C (v01 VBOX   VBOXXSDT 00000001 ASL  00000061)
[    0.000000] ACPI: FACP 0x000000003FFF00F0 0000F4 (v04 VBOX   VBOXFACP 00000001 ASL  00000061)
[    0.000000] ACPI: DSDT 0x000000003FFF0470 0021FF (v02 VBOX   VBOXBIOS 00000002 INTL 20180105)
[    0.000000] ACPI: FACS 0x000000003FFF0200 000040
[    0.000000] ACPI: FACS 0x000000003FFF0200 000040
[    0.000000] ACPI: APIC 0x000000003FFF0240 00005C (v02 VBOX   VBOXAPIC 00000001 ASL  00000061)
[    0.000000] ACPI: SSDT 0x000000003FFF02A0 001CC (v01 VBOX   VBOXCPUT 00000002 INTL 20180105)
[    0.000000] No NUMA configuration found
[    0.000000] Faking a node at [mem 0x0000000000000000-0x000000003ffeffff]
[    0.000000] NODE_DATA(0) allocated [mem 0x3ffeb000-0x3ffeffff]
[    0.000000] kvm-clock: Using msrs 4b564d01 and 4b564d00
[    0.000000] kvm-clock: cpu 0, msr 0:3ffe3001, primary cpu clock
[    0.000000] kvm-clock: using sched offset of 5045194150 cycles
[    0.000000] clocksource: kvm-clock: mask: 0xffffffffffffffff max_cycles: 0x1cd42e4dffb, max_idle_ns: 881590591483 ns
[    0.000000] Zone ranges:
[    0.000000]   DMA      [mem 0x0000000000001000-0x0000000000ffffff]
[    0.000000]   DMA32    [mem 0x0000000001000000-0x000000003ffeffff]
[    0.000000]   Normal   empty
[    0.000000]   Device   empty
[    0.000000] Movable zone start for each node
[    0000000] Early memory node ranges
[    0.000000]   node   0:  [mem 0x0000000000001000-0x000000000009efff]
[    0.000000]   node   0: [mem 0x0000000000100000-0x000000003ffeffff]
[    0.000000] Initmem setup node 0 [mem 0x0000000000001000-0x000000003ffeffff]
[    0.000000] ACPI: PM-Timer IO Port: 0x4008
[    0.000000] IOAPIC[0]: apic_id 2, version 32, address 0xfec00000, GSI 0-23
[    0.000000] ACPI: INT_SRC_OVR (bus 0 bus_irq 0 global_irq 2 dfl dfl)
[    0.000000] ACPI: INT_SRC_OVR (bus 0 bus_irq 9 global_irq 9 low level)
[    0.000000] Using ACPI (MADT) for SMP configuration information
[    0.000000] smpboot: Allowing 2 CPUs, 0 hotplug CPUs
[    0.000000] PM: Registered nosave memory: [mem 0x00000000-0x00000fff]
[    0.000000] PM: Registered nosave memory: [mem 0x0009f000-0x0009ffff]
[    0.000000] PM: Registered nosave memory: [mem 0x000a0000-0x000effff]
[    0.000000] PM: Registered nosave memory: [mem 0x000f0000-0x000fffff]
[    0.000000] e820: [mem 0x40000000-0xfebfffff] available for PCI devices
[    0.000000] Booting paravirtualized kernel on KVM
[    0.000000] clocksource: refined-jiffies: mask: 0xffffffff max_cycles: 0xffffffff, max_idle_ns: 7645519600211568 ns
[    0.000000] setup_percpu: NR_CPUS:512 nr_cpumask_bits:512 nr_cpu_ids:2 nr_node_ids:1
[    0.000000] PERCPU: Embedded 34 pages/cpu @ffff88003fc00000 s99544 r8192 d31528 u1048576
[    0.000000] Built 1 zonelists in Node order, mobility grouping on.  Total pages: 257912
[    0.000000] Policy zone: DMA32
[    0.000000] Kernel command line: BOOT_IMAGE=/boot/vmlinuz-4.4.0-157-generic root=LABEL=cloudimg-rootfs ro console=tty1 console=ttyS0
[    0.000000] PID hash table entries: 4096 (order: 3, 32768 bytes)
[    0.000000] Memory: 997732K/1048120K available (8618K kernel code, 1335K rwdata, 4032K rodata, 1484K init, 1284K bss, 50388K reserved, 0K cma-reserved)
[    0.000000] SLUB: HWalign=64, Order=0-3, MinObjects=0, CPUs=2, Nodes=1
[    0.000000] Kernel/User page tables isolation: enabled
[    0.000000] Hierarchical RCU implementation.
[    0.000000] 	Build-time adjustment of leaf fanout to 64.
[    0.000000] 	RCU restricting CPUs from NR_CPUS=512 to nr_cpu_ids=2.
[    0.000000] RCU: Adjusting geometry for rcu_fanout_leaf=64, nr_cpuids=2
[    .00000] NR_IRQS:33024 nr_irqs:440 16
[    0.000000] Console: colour VGA+ 80x25
[    0.000000] console [tty1] enabled
[    0.000000] console [ttyS0] enabled
[    0.000000] tsc: Detected 2992.480 MHz processor
[    2.692778] Calibrating delay loop (skipped) preset value.. 5984.96 BogoMIPS (lpj=11969920)
[    2.695660] pid_max: default: 32768 minimum: 301
[    2.697173] ACPI: Core revision 20150930
[    2.699812] ACPI: 2 ACPI AML tables successfully acquired and loaded
[    2.701945] Security Framework initialized
[    2.703353] Yama: becoming mindful.
[    2.704707] AppArmor: AppArmor initialized
[    2.706269] Dentry cache hash table entries: 131072 (order: 8, 1048576 bytes)
[    2.708852] Inode-cache hash table entries: 65536 (order: 7, 524288 bytes)
[   2.711120] Mount-cache hash table entries: 2048 (order: 2, 16384 bytes)
[    2.831205] Mountpoint-cache hash table entries: 2048 (order: 2, 16384 bytes)
[    2.968511] Initializing cgroup subsys io
[    3.038827] Initializing cgroup subsys memory
[    3.118856] Initializing cgroup subsys devices
[    3.124741] Initializing cgroup subsys freezer
[    3.126229] Initializing cgroup subsys net_cls
[    3.164152] Initializing cgroup subsys perf_event
[    3.165682] Initializing cgroup subsys net_prio
[    3.167199] Initializing cgroup subsys hugetlb
[    3.168678] Initializing cgroup subsys pids
[    3.170232] mce: CPU supports 0 MCE banks
[    3.171663] Last level iTLB entries: 4KB 128, 2MB 4, 4MB 4
[    3.173363] Last level dTLB entries: 4KB 256, 2MB 0, 4MB 32, 1GB 0
[    3.191153] Spectre V2 : Mitigation: Full generic retpoline
[    3.192870] Spectre V2 : Spectre v2 / SpectreRSB mitigation: Filling RSB on context switch
[    3.195640] Speculative Store Bypass: Vulnerable
[    3.197948] MDS: Vulnerable: Clear CPU buffers attempted, no microcode
[    3.327866] Freeing SMP alternatives memory: 36K
[    3.336987] ftrace: allocating 32312 entries in 127 pages
[    3.407377] smpboot: APIC(0) Converting physical 0 to logical package 0
[    3.533440] smpboot: Max logical packages: 1
[    3.619443] x2apic enabled
[    3.621090] Switched APIC routing to physical x2apic.
[    3.625103] ..TIMER: vector=0x30 apic1=0 pin1=2 apic2=-1 pin2=-1
[    3.734426] smpboot: CPU0: Intel(R) Core(TM)2 Duo CPU     E8400  @ 3.00GHz (family: 0x6, model: 0x17, stepping: 0xa)
[    3.737965] Performance Events: unsupported p6 CPU model 23 no PMU driver, software events only.
[    3.891446] KVM setup paravirtual spinlock
[    3.894450] x86: Booting SMP configuration:
[    3.895907] .... node  #0, CPUs:      #1
[    3.897271] kvm-clock: cpu 1, msr 0:3ffe3041, secondary cpu clock
[    3.909775] mce: CPU supports 0 MCE banks
[    3.912939] x86: Booted up 1 node, 2 CPUs
[    3.914810] smpboot: Total of 2 processors activated (11969.92 BogoMIPS)
[    3.917371] devtmpfs: initialized
[    3.921082] evm: security.selinux
[    3.922331] evm: security.SMACK64
[    3.923617] evm: security.SMACK64EXEC
[    3.924927] evm: security.SMACK64TRANSMUTE
[    3.926339] evm: security.SMACK64MMAP
[    3.927663] evm: security.ima
[    3.931068] evm: security.capability
[    3.932564] clocksource: jiffies: mask: 0xffffffff max_cycles: 0xffffffff, max_idle_ns: 7645041785100000 ns
[    3.941082] futex hash table entries: 512 (order: 3, 32768 bytes)
[    3.943129] pinctrl core: initialized pinctrl subsystem
[    3.944963] RTC time: 16:29:02, date: 08/23/19
[    3.946887] NET: Registered protocol family 16
[    3.955982] cpuidle: using governor ladder
[    3.970647] cpuidle: using governor menu
[    3.977432] PCCT header not found.
[    3.978754] ACPI: bus type PCI registered
[    3.995358] acpiphp: ACPI Hot Plug PCI Controller Driver version: 0.5
[    3.997381] PCI: Using configuration type 1 for base access
[    4.031282] ACPI: Added _OSI(Module Device)
[    4.032705] ACPI: Added _OSI(Processor Device)
[    4.034191] ACPI: Added _OSI(3.0 _SCP Extensions)
[    4.035744] ACPI: Added _OSI(Processor Aggregator Device)
[    4.038252] ACPI: Executed 1 blocks of module-level executable AML code
[    4.082490] ACPI: Interpreter enabled
[    4.128867] ACPI: (supports S0 S5)
[    4.168422] ACPI: Using IOAPIC for interrupt routing
[    4.170208] PCI: Using host bridge windows from ACPI; if necessary, use "pci=nocrs" and report a bug
[    4.213929] ACPI: PCI Root Bridge [PCI0] (domain 0000 [bus 00-ff])
[    4.215782] acpi PNP0A03:00: _OSC: OS supports [ASPM ClockPM Segments MSI]
[    4.217785] acpi PNP0A03:00: _OSC: not requesting OS control; OS requires [ExtendedConfig ASPM ClockPM MSI]
[    4.281849] acpi PNP0A03:00: fail to add MMCONFIG information, can't access extended PCI configuration space under this bridge.
[    4.360859] PCI host bridge to bus 0000:00
[    4.362279] pci_bus 0000:00: root bus resource [io  0x0000-0x0cf7 window]
[    4.378977] pci_bus 0000:00: root bus resource [io  0x0d00-0xffff window]
[    4.455440] pci_bus 0000:00: root bus resource [mem 0x000a0000-0x000bffff window]
[    4.458027] pci_bus 0000:00: root bus resource [mem 0x40000000-0xfdffffff window]
[    4.537240] pci_bus 0000:00: root bus resource [bus 00-ff]
[    4.541070] pci 0000:00:01.1: legacy IDE quirk: reg 0x10: [io  0x01f0-0x01f7]
[    4.543130] pci 0000:00:01.1: legacy IDE quirk: reg 0x14: [io  0x03f6]
[    4.612586] pci 0000:00:01.1: legacy IDE quirk: reg 0x18: [io  0x0170-0x0177]
[    4.615631] pci 0000:00:01.1: legacy IDE quirk: reg 0x1c: [io  0x0376]
[    4.656668] pci 0000:00:07.0: quirk: [io  0x4000-0x403f] claimed by PIIX4 ACPI
[    4.660543] pci 0000:00:07.0: quirk: [io  0x4100-0x410f] claimed by PIIX4 SMB
[    4.682326] ACPI: PCI Interrupt Link [LNKA] (IRQs 5 9 10 *11)
[    4.696890] ACPI: PCI Interrupt Link [LNKB] (IRQs 5 9 *10 11)
[    4.701084] ACPI: PCI Interrupt Link [LNKC] (IRQs 5 *9 10 11)
[    4.706126] ACPI: PCI Interrupt Link [LNKD] (IRQs 5 9 10 *11)
[    4.710276] ACPI: Enabled 2 GPEs in block 00 to 07
[    4.736331] vgaarb: setting as boot device: PCI:0000:00:02.0
[    4.738115] vgaarb: device added: PCI:0000:00:02.0,decodes=io+mem,owns=io+mem,locks=none
[    4.765725] vgaarb: loaded
[    4.792349] vgaarb: bridge control possible 0000:00:02.0
[    4.794692] SCSI subsystem initialized
[    4.811940] ACPI: bus type USB registered
[    4.858880] usbcore: registered new interface driver usbfs
[    4.930013] usbcore: registered new interface driver hub
[    4.931707] usbcore: registered new device driver usb
[    4.993363] PCI: Using ACPI for IRQ routing
[    4.995509] NetLabel: Initializing
[    4.996770] NetLabel:  domain hash size = 128
[    4.998264] NetLabel:  protocols = UNLABELED CIPSOv4
[    4.999909] NetLabel:  unlabeled traffic allowed by default
[    5.002037] amd_nb: Cannot enumerate AMD northbridges
[    5.003792] clocksource: Switched to clocksource kvm-clock
[    5.020048] AppArmor: AppArmor Filesystm Enabled
[    5.183995] pnp: PnP ACPI init
[    5.186242] pnp: PnP ACPI: found 3 devices

[   .203943] clocksource: acpi_pm: mask: 0xffffff max_cycles: 0xffffff, max_idle_ns: 2085701024 ns
[    5.266219] NET: Registered protocol family 2

[    5.268191] TCP established hash table entries: 8192 (order: 4, 65536 bytes)
[    5.270299] TCP bind hash table entries: 8192 (order: 5, 131072 bytes)
[    5.272293] TCP: Hash tables configured (established 8192 bind 8192)
[    5.274261] UDP hash table entries: 512 (order: 2, 16384 bytes)
[    5.276099] UDP-Lite hash table entries: 512 (order: 2, 16384 bytes)
[    5.278101] NET: Registered protocol family 1
[    5.279602] pci 0000:00:00.0: Limiting direct PCI/PCI transfers
[    5.281427] pci 0000:00:01.0: Activating ISA DMA hang workarounds
[    5.283528] Unpacking initramfs...
[  5.527641] Freeing initrd memory: 14828K
[    5.587657] clocksource: tsc: mask: 0xffffffffffffffff m_cycles: 0x2b2285792ea, max_idle_ns: 440795280120 ns
[    5.649417] platform rtc_cmos: registered platform RTC device (no PNP device found)
[    5.652130] Scanning for low memory corruption every 60 seconds

[    5.654830] audit: initializing netlink subsys (disabled)
[    5.746407] audit: type=2000 audit(1566577747.183:1): initialized
[    5.749874] Initialise system trusted keyring
[    5.849231] HugeTLB registered 2 MB page size, pre-allocated 0 pages
[    5.944383] zbud: loaded
[    5.945903] VFS: Disk quotas dquot_6.6.0
[    5.947348] VFS: Dquot-cache hash table entries: 512 (order 0, 4096 bytes)
[    6.094712] squashfs: version 4.0 (2009/01/31) Phillip Lougher
[    6.096975] fuse init (API version 7.23)
[    6.098608] Key type big_key registered
[    6.099983] Allocating IMA MOK and blacklist keyrings.
[    6.102984] Key type asymmetric registered
[    6.112661] Asymmetric key parser 'x509' registered
[    6.162542] Block layer SCSI generic (bsg) driver version 0.4 loaded (major 249)
[    6.165243] io scheduler noop registered
[    6.166626] io scheduler deadline registered (default)
[    6.168370] io scheduler cfq registered
[    6.169879] pci_hotplug: PCI Hot Plug PCI Core version: 0.5
[    6.171602] pciehp: PCI Express Hot Plug Controller Driver version: 0.4
[    6.277036] ACPI: AC Adapter [AC] (on-line)
[    6.278552] input: Power Button as /devices/LNXSYSTM:00/LNXPWRBN:00/input/input0
[    6.281138] ACPI: Power Button [PWRF]
[    6.282534] input: Sleep Button as /devices/LNXSYSTM:00/LNXSLPBN:00/input/input1
[    6.285119] ACPI: Sleep Button [SLPF]
[    6.286705] GHES: HEST is not enabled!
[    6.368869] Serial: 8250/16550 driver, 32 ports, IRQ sharing enabled
[    6.393647] 00:02: ttyS0 at I/O 0x3f8 (irq = 4, base_baud = 115200) is a 16550A
[    6.400315] Linux agpgart interface v0.103
[    6.404858] loop: module loaded
[    6.407128] scsi host0: ata_piix
[    6.408726] scsi host1: ata_piix
[    6.410074] ata1: PATA max UDMA/33 cmd 0x1f0 ctl 0x3f6 bmdma 0xd000 irq 14
[    6.412192] ata2: PATA max UDMA/33 cmd 0x170 ctl 0x376 bmdma 0xd008 irq 15
[    6.414760] libphy: Fixed MDIO Bus: probed
[    6.421560] tun: Universal TUN/TAP device driver, 1.6
[    6.423246] tun: (C) 1999-2004 Max Krasnyansky <maxk@qualcomm.com>
[    6.425345] PPP generic driver version 2.4.2
[    6.432221] ehci_hcd: USB 2.0 'Enhanced' Host Controller (EHCI) Driver
[    6.434248] ehci-pci: EHCI PCI platform driver
[    6.435820] ehci-platform: EHCI generic platform driver
[    6.437611] ohci_hcd: USB 1.1 'Open' Host Controller (OHCI) Driver
[    6.466589] ohci-pci: OHCI PCI platform driver
[    6.468219] ohci-platform: OHCI generic platform driver
[    6.473326] uhci_hcd: USB Universal Host Controller Interface driver
[    6.475413] i8042: PNP: PS/2 Controller [PNP0303:PS2K,PNP0f03:PS2M] at 0x60,0x64 irq 1,12
[    6.508067] serio: i8042 KBD port at 0x60,0x64 irq 1
[    6.509735] serio: i8042 AUX port at 0x60,0x64 irq 12
[    6.511738] mousedev: PS/2 mouse device common for all mice
[    6.514214] input: AT Translated Set 2 keyboard as /devices/platform/i8042/serio0/input/input2
[    6.520220] rtc_cmos rtc_cmos: rtc core: registered rtc_cmos as rtc0
[    6.520351] rtc_cmos rtc_cmos: alarms up to one day, 114 bytes nvram
[    6.520358] i2c /dev entries driver
[    6.520433] device-mapper: uevent: version 1.0.3
[    6.520517] device-mapper: ioctl: 4.34.0-ioctl (2015-10-28) initialised: dm-devel@redhat.com
[    6.520541] ledtrig-cpu: registered to indicate activity on CPUs
[    6.520970] NET: Registered protocol family 10
[    6.521357] NET: Registered protocol family 17
[    6.521377] Key type dns_resolver registered
[    6.521736] registered taskstats version 1
[    6.521776] Loading compiled-in X.509 certificates
[    6.522749] Loaded X.509 cert 'Build time autogenerated kernel key: 3e01e6df98386236d59670e6b2ed19a044d5324e'
[    6.522777] zswap: loaded using pool lzo/zbud
[    6.537302] Key type trusted registered
[    6.564613] Key type encrypted registered
[    6.564617] AppArmor: AppArmor sha1 policy hashing enabled
[    6.564634] ima: No TPM chip found, activating TPM-bypass!
[    6.564640] ima: Allocated hash algorithm: sha1
[    6.564676] evm: HMAC attrs: 0x1
[    6.565052]   Magic number: 15:364:490
[    6.565570] rtc_cmos rtc_cmos: setting system clock to 2019-08-23 16:29:05 UTC (1566577745)
[    6.565744] BIOS EDD facility v0.16 2004-Jun-25, 0 devices found
[    6.565745] EDD information not available.
[    6.588259] Freeing unused kernel memory: 1484K
[    6.599841] Write protecting the kernel read-only data: 14336k
[    6.615282] Freeing unused kernel memory: 1612K
[    6.617158] Freeing unused kernel memory: 64K
Loading, please wait...
starting version 229
[    6.758334] random: systemd-udevd: uninitialized urandom read (16 bytes read, 2 bits of entropy available)
[    6.765176] random: systemd-udevd: uninitialized urandom read (16 bytes read, 2 bits of entropy available)
[    6.770596] random: udevadm: uninitialized urandom read (16 bytes read, 2 bits of entropy available)
[    6.770922] random: udevadm: uninitialized urandom read (16 bytes read, 2 bits of entropy available)
[    6.780597] random: systemd-udevd: uninitialized urandom read (16 bytes read, 2 bits of entropy available)
[    6.785623] random: systemd-udevd: uninitialized urandom read (16 bytes read, 2 bits of entropy available)
[    6.819071] random: systemd-udevd: uninitialized urandom read (16 bytes read, 2 bits of entropy available)
[    6.824023] random: systemd-udevd: uninitialized urandom read (16 bytes read, 2 bits of entropy available)
[    6.829120] random: systemd-udevd: uninitialized urandom read (16 bytes read, 2 bits of entropy available)
[    6.838070] random: systemd-udevd: uninitialized urandom read (16 bytes read, 2 bits of entropy available)
[    7.208545] e1000: Intel(R) PRO/1000 Network Driver - version 7.3.21-k8-NAPI
[    7.211920] e1000: Copyright (c) 1999-2006 Intel Corporation.
[    7.219211] Fusion MPT base driver 3.04.20
[    7.229188] Copyright (c) 1999-2008 LSI Corporation
[    7.243164] Fusion MPT SPI Host driver 3.04.20
[    7.490975] input: ImExPS/2 Generic Explorer Mouse as /devices/platform/i8042/serio1/input/input4
[    7.974223] e1000 0000:00:03.0 eth0: (PCI:33MHz:32-bit) 02:46:62:72:a1:53
[    8.469041] e1000 0000:00:03.0 eth0: Intel(R) PRO/1000 Network Connection
[    8.472768] mptbase: ioc0: Initiating bringup
[    8.475896] e1000 0000:00:03.0 enp0s3: renamed from eth0
[    8.552400] ioc0: LSI53C1030 A0: Capabilities={Initiator}
[    8.713575] scsi host2: ioc0: LSI53C1030 A0, FwRev=00000000h, Ports=1, MaxQ=256, IRQ=20
[    8.828423] scsi 2:0:0:0: Direct-Access     VBOX     HARDDISK         1.0  PQ: 0 ANSI: 5
[    8.850613] scsi target2:0:0: Beginning Domain Validation
[    8.854005] scsi target2:0:0: Domain Validation skipping write tests
[    8.855913] scsi target2:0:0: Ending Domain Validation
[    8.857687] scsi target2:0:0: asynchronous
[    8.859803] scsi 2:0:1:0: Direct-Access     VBOX     HARDDISK         1.0  PQ: 0 ANSI: 5
[    8.862579] scsi target2:0:1: Beginning Domain Validation
[    8.865825] scsi target2:0:1: Domain Validation skipping write tests
[    8.867750] scsi target2:0:1: Ending Domain Validation
[    8.869514] scsi target2:0:1: asynchronous
[    8.879401] sd 2:0:0:0: Attached scsi generic sg0 type 0
[    8.889885] sd 2:0:0:0: [sda] 20971520 512-byte logical blocks: (10.7 GB/10.0 GiB)
[    8.893410] sd 2:0:0:0: [sda] Write Protect is off
[    8.910583] sd 2:0:1:0: [sdb] 20480 512-byte logical blocks: (10.5 MB/10.0 MiB)
[    8.911475] sd 2:0:0:0: [sda] Incomplete mode parameter data
[    8.911477] sd 2:0:0:0: [sda] Assuming drive cache: write through
[    8.930298] sd 2:0:1:0: [sdb] Write Protect is off
[    8.930303] sd 2:0:1:0: Attached scsi generic sg1 type 0
[    8.946956]  sda: sda1
[    8.949092] sd 2:0:0:0: [sda] Attached SCSI disk
[    8.975801] sd 2:0:1:0: [sdb] Incomplete mode parameter data
[    8.977633] sd 2:0:1:0: [sdb] Assuming drive cache: write through
[    9.002334] sd 2:0:1:0: [sdb] Attached SCSI disk
Begin: Loading essential drivers ... [   11.420432] md: linear personality registered for level -1
[   11.479113] md: multipath personality registered for level -4
[   11.572039] md: raid0 personality registered for level 0
[   11.616493] md: raid1 personality registered for level 1
[   11.711856] raid6: sse2x1   gen()  4418 MB/s
[   11.783816] raid6: sse2x1   xor()  4639 MB/s
[   11.855806] raid6: sse2x2   gen()  6169 MB/s
[   11.927810] raid6: sse2x2   xor()  5651 MB/s
[   11.995821] raid6: sse2x4   gen()  8684 MB/s
[   12.063809] raid6: sse2x4   xor()  6734 MB/s
[   12.070343] raid6: using algorithm sse2x4 gen() 8684 MB/s
[   12.072024] raid6: .... xor() 6734 MB/s, rmw enabled
[   12.073615] raid6: using ssse3x2 recovery algorithm
[   12.077221] xor: measuring software checksum speed
[   12.127804]    prefetch64-sse: 12241.000 MB/sec
[   12.167808]    generic_sse: 10742.000 MB/sec
[   12.169255] xor: using function: prefetch64-sse (12241.000 MB/sec)
[   12.172827] async_tx: api initialized (async)
[   12.222359] md: raid6 personality registered for level 6
[   12.234730] md: raid5 personality registered for level 5
[   12.238350] md: raid4 personality registered for level 4
[   12.295558] md: raid10 personality registered for level 10
done.
Begin: Running /scripts/init-premount ... done.
Begin: Mounting root file system ... Begin: Running /scripts/local-top ... done.
Begin: Running /scripts/local-premount ... [   12.455604] Btrfs loaded
Scanning for Btrfs filesystems
done.
Warning: fsck not present, so skipping root file system
[   12.756914] EXT4-fs (sda1): mounted filesystem with ordered data mode. Opts: (null)
done.
Begin: Running /scripts/local-bottom ... done.
Begin: Running /scripts/init-bottom ... done.
[   13.747674] systemd[1]: systemd 229 running in system mode. (+PAM +AUDIT +SELINUX +IMA +APPARMOR +SMACK +SYSVINIT +UTMP +LIBCRYPTSETUP +GCRYPT +GNUTLS +ACL +XZ -LZ4 +SECCOMP +BLKID +ELFUTILS +KMOD -IDN)
[   13.867045] systemd[1]: Detected virtualization oracle.
[   13.871299] systemd[1]: Detected architecture x86-64.

Welcome to [1mUbuntu 16.04.6 LTS[0m!

[   13.919113] systemd[1]: Set hostname to <ubuntu>.
[   13.939207] systemd[1]: Initializing machine ID from random generator.
[   13.960127] systemd[1]: Installed transient /etc/machine-id file.
[   13.965627] random: nonblocking pool is initialized
[   15.1944] ysemd[1]: Listening on /dev/initctl Compatibility Named Pipe.
[[0;32m  OK  [0m] Listening on /dev/initctl Compatibility Named Pipe.
[ 1.7689]systmd1] Raced target Swap.

[[0;32m  OK  [0m] Reached target Swap.
[   16.129692] systemd[1]: Reached target Encrypted Volumes.
[[0;32m  OK  [0m] Reached target Encrypted Volumes.
[   16.135531] systemd[1]: Created slice System Slic
[[0;32m  OK  [0m] Created slice System Slice.
[   16.280666] systemd[1]: Listening on Syslog Socket.
[[0;32m  OK  [0m] Listening on Syslog Socket.
[   16.283998] systemd[1]: Reached target System Time Synchronized.
[[0;32m  OK  [0m] Reached target System Time Synchronized.
[   16.287924] systemd[1]: Listening on Journal Socket.
[[0;32m  OK  [0m] Listening on Journal Socket.
[   16.320227] systemd[1]: Mounting Huge Pages File System...
         Mounting Huge Pages File System...
[   16.434114] systemd[1]: Starting Load Kernel Modules...
         Starting Load Kernel Modules...
[   16.499815] systemd[1]: Starting Set console keymap...
         Starting Set console keymap...
[   16.567226] systemd[1]: Starting Nameserver information manager...
         Starting Nameser[   16.614605] Loading iSCSI transport class v2.0-870.
ver information manager...
[   16.631021] systemd[1]: Listening on Device-mapper event daemon FIFOs.
[[0;32m  OK  [0m] Listening on Device-mapper event daemon FIFOs.
[   16.656453] systemd[1]: Started Forward Password Requests to Wall Directory Watch.
[[0;32m  OK  [0m] Started Forward Password Requests to Wall Directory Watch.
[   16.753576] iscsi: registered transport (tcp)
[   16.766513] systemd[1]: Mounting Debug File System...
         Mounting Debug File System...
[   16.805785] systemd[1]: Started Trigger resolvconf update for networkd DNS.
[[0;32m  OK  [0m] Started Trigger resolvconf update for networkd DNS.
[   16.876514] systemd[1]: Listening on LVM2 metadata daemon socket.
[[0;32m  OK  [0m] Listening on LVM2 metadata daemon socket.
[   16.956247] systemd[1]: Listening on udev Control Socket.
[[0;32m  OK  [0m] Listening on udev Control Socket.
[   16.964984] systemd[1]: Listening on Journal Audit Socket.
[[0;32m  OK  [0m] Listening on Journal Audit Socket.
[   16.979993] systemd[1]: Reached target User and Group Name Lookups.
[[0;32m  OK  [0m] Reached target User and Group Name Lookups.
[   17.002631] systemd[1]: Listening on Journal Socket (/dev/log).
[[0;32m  OK  [0m] Listening on Journal Socket (/dev/log).
[   17.065963] systemd[1]: Starting Journal Service...
         Starting Journal Service...
[   17.086796] systemd[1]: Listening on udev Kernel Socket.
[[0;32m  OK  [0m] Listening on udev Kernel Socket.
[   17.186806] systemd[1]: Starting Remount Root and Kernel File Systems...
         Starting Remount Root and Kernel File Systems...
[   17.211857] systemd[1]: Set up automount Arbitrary Executable File Formats File System Automount Point.
[[0;32m  OK  [0m] Set up automount Arbitrary Executab...ats File System Automount Point.
[   17.247445] iscsi: registered transport (iser)
[   17.285318] systemd[1]: Starting Create list of required static device nodes for the current kernel...
[   17.299697] EXT4-fs (sda1): re-mounted. Opts: (null)
         Starting Create list of required st... nodes for the current kernel...
[   17.413610] systemd[1]: Starting Uncomplicated firewall...
         Starting Uncomplicated firewall...
[   17.428981] systemd[1]: Listening on LVM2 poll daemon socket.
[[0;32m  OK  [0m] Listening on LVM2 poll daemon socket.
[   17.435452] systemd[1]: Created slice system-serial\x2dgetty.slice.
[[0;32m  OK  [0m] Created slice system-serial\x2dgetty.slice.
[   17.513100] systemd[1]: Starting Monitoring of LVM2 mirrors, snapshots etc. using dmeventd or progress polling...
         Starting Monitoring of LVM2 mirrors... dmeventd or progress polling...
[   17.541373] systemd[1]: Created slice User and Session Slice.
[[0;32m  OK  [0m] Created slice User and Session Slice.
[   17.557738] systemd[1]: Reached target Slices.
[[0;32m  OK  [0m] Reached target Slices.
[   17.574863] systemd[1]: Mounting POSIX Message Queue File System...
         Mounting POSIX Message Queue File System...
[   17.668590] systemd[1]: Mounted Debug File System.
[[0;32m  OK  [0m] Mounted Debug File System.
[   17.689805] systemd[1]: Mounted POSIX Message Queue File System.
[[0;32m  OK  [0m] Mounted POSIX Message Queue File System.
[   17.705309] systemd[1]: Mounted Huge Pages File System.
[[0;32m  OK  [0m] Mounted Huge Pages File System.
[   17.715036] systemd[1]: Started Journal Service.
[[0;32m  OK  [0m] Started Journal Service.
[[0;32m  OK  [0m] Started Load Kernel Modules.
[[0;32m  OK  [0m] Started Set console keymap.
[[0;32m  OK  [0m] Started Remount Root and Kernel File Systems.
[[0;32m  OK  [0m] Started Create list of required sta...ce nodes for the current kernel.
[[0;32m  OK  [0m] Started Uncomplicated firewall.
[[0;32m  OK  [0m] Started Nameserver information manager.
[[0;32m  OK  [0m] Started LVM2 metadata daemon.
         Starting Create Static Device Nodes in /dev...
         Starting udev Coldplug all Devices...
         Starting Load/Save Random Seed...
         Starting Apply Kernel Variables...
         Mounting FUSE Control File System...
         Starting Flush Journal to Persistent Storage...
[[0;32m  OK  [0m] Started Create Static Device Nodes in /dev.
[[0;32m  OK  [0m] Started Load/Save Random Seed.
[[0;32m  OK  [0m] Started Apply Kernel Variables.
[[0;32m  OK  [0m] Mounted FUSE Control File System.
[[0;32m  OK  [0m] Started Monitoring of LVM2 mirrors,...ng dmeventd or progress polling.
[[0;32m  OK  [0m] Started Flush Journal to Persistent Storage.
[[0;32m  OK  [0m] Reached target Local File Systems (Pre).
[[0;32m  OK  [0m] Reached target Local File Systems.
         Starting Commit a transient machine-id on disk...
         Starting Set console font and keymap...
         Starting LSB: AppArmor initialization...
         Starting Tell Plymouth To Write Out Runtime Data...
         Starting Create Volatile Files and Directories...
         Starting Initial cloud-init job (pre-networking)...
         Starting udev Kernel Device Manager...
[[0;32m  OK  [0m] Started Commit a transient machine-id on disk.
[[0;32m  OK  [0m] Started Tell Plymouth To Write Out Runtime Data.
[[0;32m  OK  [0m] Started udev Coldplug all Devices.
[[0;32m  OK  [0m] Started Create Volatile Files and Directories.
         Starting Update UTMP about System Boot/Shutdown...
[[0;32m  OK  [0m] Started Update UTMP about System Boot/Shutdown.
[[0;32m  OK  [0m] Started udev Kernel Device Manager.
[[0;32m  OK  [0m] Started Dispatch Password Requests to Console Directory Watch.
[[0;32m  OK  [0m] Found device /dev/ttyS0.
[[0;32m  OK  [0m] Listening on Load/Save RF Kill Switch Status /dev/rfkill Watch.
[[0;32m  OK  [0m] Started LSB: AppArmor initialization.
[[0;32m  OK  [0m] Started Set console font and keymap.
[[0;32m  OK  [0m] Created slice system-getty.slice.
[   27.729540] cloud-init[477]: Cloud-init v. 19.1-1-gbaa47854-0ubuntu1~16.04.1 running 'init-local' at Fri, 23 Aug 2019 16:29:28 +0000. Up 24.68 seconds.
[[0;32m  OK  [0m] Started Initial cloud-init job (pre-networking).
[[0;32m  OK  [0m] Reached target Network (Pre).
         Starting Raise network interfaces...
[[0;32m  OK  [0m] Started Raise network interfaces.
[[0;32m  OK  [0m] Reached target Network.
         Starting Initial cloud-init job (metadata service crawler)...
[   33.568496] cloud-init[961]: Cloud-init v. 19.1-1-gbaa47854-0ubuntu1~16.04.1 running 'init' at Fri, 23 Aug 2019 16:29:34 +0000. Up 30.71 seconds.
[   33.589430] cloud-init[961]: ci-info: ++++++++++++++++++++++++++++++++++++++Net device info++++++++++++++++++++++++++++++++++++++
[   33.602442] cloud-init[961]: ci-info: +--------+------+----------------------------+---------------+--------+-------------------+
[   33.635278] cloud-init[961]: ci-info: | Device |  Up  |          Address           |      Mask     | Scope  |     Hw-Address    |
[   33.653168] cloud-init[961]: ci-info: +--------+------+----------------------------+---------------+--------+-------------------+
[   33.669253] cloud-init[961]: ci-info: | enp0s3 | True |         10.0.2.15          | 255.255.255.0 | global | 02:46:62:72:a1:53 |
[   33.684491] cloud-init[961]: ci-info: | enp0s3 | True | fe80::46:62ff:fe72:a153/64 |       .       |  link  | 02:46:62:72:a1:53 |
[   33.709115] cloud-init[961]: ci-info: |   lo   | True |         127.0.0.1          |   255.0.0.0   |  host  |         .         |
[   33.727202] cloud-init[961]: ci-info: |   lo   | True |          ::1/128           |       .       |  host  |         .         |
[   33.732403] cloud-init[961]: ci-info: +--------+------+----------------------------+---------------+--------+-------------------+
[   33.744379] cloud-init[961]: ci-info: +++++++++++++++++++++++++++Route IPv4 info++++++++++++++++++++++++++++
[[0;32m  OK  [0m] Started Initial cloud-init job (metadata service crawler).
[[0;32m  OK  [0m] Reached target Network is Online.
[   33.759786] cloud-init[961]: ci-info: +-------+-------------+----------+---------------+-----------+-------+
         Starting iSCSI initiator daemon (iscsid)...
[[0;32m  OK  [0m] Reached target Cloud-config availability.
[[0;32m  OK  [0m] Reached target System Initialization.
[[0;32m  OK  [0m] Started Daily apt download activities.
[   33.832640] cloud-init[961]: ci-info: | Route | Destination | Gateway  |    Genmask    | Interface | Flags |
[[0;32m  OK  [0m] Started ACPI Events Check.
[   33.855589] cloud-init[961]: ci-info: +-------+-------------+----------+---------------+-----------+-------+
[[0;32m  OK  [0m] Reached target Paths.
[   33.865121] cloud-init[961]: ci-info: |   0   |   0.0.0.0   | 10.0.2.2 |    0.0.0.0    |   enp0s3  |   UG  |
[[0;32m  OK  [0m] Started Daily apt upgrade and clean activities.
[   33.881698] cloud-init[961]: ci-info: |   1   |   10.0.2.0  | 0.0.0.0  | 255.255.255.0 |   enp0s3  |   U   |
[   33.882056] cloud-init[961]: ci-info: +-------+-------------+----------+---------------+-----------+-------+
[   33.882400] cloud-init[961]: ci-info: +++++++++++++++++++Route IPv6 info+++++++++++++++++++
[   33.882628] cloud-init[961]: ci-info: +-------+-------------+---------+-----------+-------+
[   33.882865] cloud-init[961]: ci-info: | Route | Destination | Gateway | Interface | Flags |
[   33.883120] cloud-init[961]: ci-info: +-------+-------------+---------+-----------+-------+
[   33.883361] cloud-init[961]: ci-info: |   0   |  fe80::/64  |    ::   |   enp0s3  |   U   |
[   33.883595] cloud-init[961]: ci-info: |   4   |   ff00::/8  |    ::   |   enp0s3  |   U   |
[   33.883950] cloud-init[961]: ci-info: +-------+-------------+---------+-----------+-------+
[   33.886081] cloud-init[961]: Generating public/private rsa key pair.
[   33.947183] cloud-init[961]: Your identification has been saved in /etc/ssh/ssh_host_rsa_key.
[   33.976762] cloud-init[961]: Your public key has been saved in /etc/ssh/ssh_host_rsa_key.pub.
[   33.982370] cloud-init[961]: The key fingerprint is:
[   33.996505] cloud-init[961]: SHA256:+sFGKdXKWwHJt3NcsOVcsMsFJ3qzOewms3lGNyIwBrw root@ubuntu-xenial
[   34.001112] cloud-init[961]: The key's randomart image is:
         Starting LXD - unix socket.
[[0;32m  OK  [0m] Listening on ACPID Listen Socket.
[[0;32m  OK  [0m] Listening on UUID daemon activation socket.
[[0;32m  OK  [0m] Listening on D-Bus System Message Bus Socket.
[[0;32m  OK  [0m] Started Daily Cleanup of Temporary Directories.
         Starting Socket activation for snappy daemon.
[   34.010157] cloud-init[961]: +---[RSA 2048]----+
[   34.076433] cloud-init[961]: |      ....  ..=.o|
[   34.080245] cloud-init[961]: |       ooo.  *.* |
[   34.086307] cloud-init[961]: |        +.ooo.* .|
[   34.092245] cloud-init[961]: |       E *o.o+ * |
[   34.098222] cloud-init[961]: |      . S +o  B  |
[   34.105198] cloud-init[961]: |       = o . o.o.|
[[0;32m  OK  [0m] Reached target Timers.
[   34.118679] cloud-init[961]: |      . =   +.+..|
[   34.140329] cloud-init[961]: |       o .   *o  |
[   34.143423] cloud-init[961]: |        .   oo   |
[   34.152560] cloud-init[961]: +----[SHA256]-----+
[   34.160599] cloud-init[961]: Generating public/private dsa key pair.
[   34.181540] cloud-init[961]: Your identification has been saved in /etc/ssh/ssh_host_dsa_key.
[[0;32m  OK  [0m] Listening on LXD - unix socket.
[[0;32m  OK  [0m] Listening on Socket activation for snappy daemon.
[   34.193405] cloud-init[961]: Your public key has been saved in /etc/ssh/ssh_host_dsa_key.pub.
[   34.258582] cloud-init[961]: The key fingerprint is:
[   34.260258] cloud-init[961]: SHA256:oo8OhIdyGLZxXmkRKCaFZ1q/WmrVyEfEoCK3WWeEyy0 root@ubuntu-xenial
[   34.262584] cloud-init[961]: The key's randomart image is:
[   34.264347] cloud-init[961]: +---[DSA 1024]----+
[   34.265966] cloud-init[961]: | o. o*o          |
[   34.267629] cloud-init[961]: |oo+o..=          |
[   34.269333] cloud-init[961]: |*B++.Bo          |
[   34.272082] cloud-init[961]: |+B=+Eoo          |
[   34.297744] cloud-init[961]: |=.*o *. S        |
[[0;32m  OK  [0m] Started iSCSI initiator daemon (iscsid).
[   34.298280] cloud-init[961]: |.+  *.o.         |
[   34.304540] cloud-init[961]: |  .=..           |
[   34.307248] cloud-init[961]: |  +. o           |
[   34.317328] cloud-init[961]: | . .o .          |
[   34.341721] cloud-init[961]: +----[SHA256]-----+
[   34.346767] cloud-init[961]: Generating public/private ecdsa key pair.
[   34.349073] cloud-init[961]: Your identification has been saved in /etc/ssh/ssh_host_ecdsa_key.
[   34.362553]          cloud-initStarting Login to default iSCSI targets...[961]: 
Your public key has been saved in /etc/ssh/ssh_host_ecdsa_key.pub.
[   34.395135] [cloud-init[0;32m  OK  [0m[961]: ] The key fingerprint is:Reached target Sockets.

[   34.395698] [cloud-init[0;32m  OK  [0m[961]: ] SHA256:jX7jkZ8PTX9kgCnhKA+h5kGEienTlNx7NXK0DqZtQZc root@ubuntu-xenialReached target Basic System.

[   34.420508] cloud-init[961]: The key's randomart image is:
[   34.424350] cloud-init[961]: +---[ECDSA 256]---+
[   34.434782] cloud-init[961]: | o.+= ...oo      |
[[0;32m  OK  [0m] Started D-Bus System Message Bus.
[   34.442989] cloud-init[961]: |o o= o.o.E.. o   |
[   34.463606] cloud-init[961]: |. o + ++=.+ o .  |
[   34.471481] cloud-init[961]: | o + o+=+o .   . |
[   34.497833] cloud-init[961]: |  . ...oS..   . o|
[   34.503763] cloud-init[961]: |      ..   . o + |
[   34.512468] cloud-init[961]: |        . = . . o|
[   34.513963] cloud-init[961]: |         o + o  .|
[   34.532564] cloud-init[961]: |          . o..  |
[   34.534142] cloud-init[961]: +----[SHA256]-----+
[   34.548993] cloud-init[961]: Generating public/private ed25519 key pair.
[   34.556555] cloud-init[961]: Your identification has been saved in /etc/ssh/ssh_host_ed25519_key.
[   34.558766] cloud-init[961]: Your public key has been saved in /etc/ssh/ssh_host_ed25519_key.pub.
[   34.571120] cloud-init[961]: The key fingerprint is:
[   34.577278] cloud-init[961]: SHA256:Q9ZvLp/zAg12CYl29ru505DxrBIQUzWGOnR8BBcDiu8 root@ubuntu-xenial
[   34.585196]          cloud-initStarting Accounts Service...[961]: 
The key's randomart image is:
[   34.585726] cloud-init[961]: +--[ED25519 256]--+
[   34.599033] cloud-init[961]: |         ++BO.   |
[   34.602708] cloud-init[961]: |       .*oOo.o   |
[   34.605607] cloud-init[961]: |      .o+B.+ .   |
[   34.607744] cloud-init[961]: |       ++ o.=    |
[   34.610243] cloud-init[961]: |        S+ +o*   |
[   34.612222] cloud-init[961]: |       . .oo= o  |
[   34.614198] cloud-init[961]: |        E .o.*   |
[   34.629827] [[0;32m  OK  [0m] Started Deferred execution scheduler.
         Starting System Logging Service...
cloud-init         Starting /etc/rc.local Compatibility...
[961]: |          .oB..  |
[   34.666846] cloud-init[961]: |           .+*.  |
         Starting Login Service...
[   34.745894] cloud-init[961]: +----[SHA256]-----+
[[0;32m  OK  [0m] Started FUSE filesystem for LXC.
         Starting Virtualbox guest utils...
         Starting LSB: MD monitoring daemon...
[[0;32m  OK  [0m] Started ACPI event daemon.
         Starting Snappy daemon...
         Starting Pollinate to seed the pseudo random number generator...
         Starting LSB: Record successful boot for GRUB...
[[0;32m  OK  [0m] Started Regular background program processing daemon.
         Starting LXD - container startup/shutdown...
[[0;32m  OK  [0m] Started System Logging Service.
[[0;32m  OK  [0m] Started /etc/rc.local Compatibility.
[[0;32m  OK  [0m] Started Login Service.
[[0;32m  OK  [0m] Started Login to default iSCSI targets.
[[0;32m  OK  [0m] Reached target Remote File Systems (Pre).
[[0;32m  OK  [0m] Reached target Remote File Systems.
         Starting LSB: automatic crash report generation...
         Starting Permit User Sessions...
         Starting LSB: Set the CPU Frequency Scaling governor to "ondemand"...
         Starting LSB: daemon to balance interrupts for SMP systems...
[[0;32m  OK  [0m] Started Unattended Upgrades Shutdown.
         Starting Authenticate and Authorize Users to Run Privileged Tasks...
[[0;32m  OK  [0m] Started Permit User Sessions.
         Starting Terminate Plymouth Boot Screen...
         Starting Hold until boot process finishes up...
[[0;32m  OK  [0m] Started LSB: Record successful boot for GRUB.
[[0;32m  OK  [0m] Started Terminate Plymouth Boot Screen.
[[0;32m  OK  [0m] Started LSB: MD monitoring daemon.
[[0;32m  OK  [0m] Started Hold until boot process finishes up.
[[0;32m  OK  [0m] Started Getty on tty1.
[[0;32m  OK  [0m] Started Serial Getty on ttyS0.
[[0;32m  OK  [0m] Reached target Login Prompts.
         Starting Set console scheme...
[[0;32m  OK  [0m] Started Set console scheme.
[[0;32m  OK  [0m] Started LSB: Set the CPU Frequency Scaling governor to "ondemand".
[[0;32m  OK  [0m] Started Authenticate and Authorize Users to Run Privileged Tasks.
[[0;32m  OK  [0m] Started Accounts Service.
[[0;32m  OK  [0m] Started LSB: automatic crash report generation.
[[0;32m  OK  [0m] Started LXD - container startup/shutdown.
[[0;32m  OK  [0m] Started LSB: daemon to balance interrupts for SMP systems.
[[0;32m  OK  [0m] Started Virtualbox guest utils.
[[0;32m  OK  [0m] Started Snappy daemon.
         Starting Wait until snapd is fully seeded...
[[0;32m  OK  [0m] Started Pollinate to seed the pseudo random number generator.
         Starting OpenBSD Secure Shell server...
[[0;32m  OK  [0m] Started OpenBSD Secure Shell server.
[[0;32m  OK  [0m] Created slice User Slice of vagrant.
[[0;32m  OK  [0m] Started Session 1 of user vagrant.
         Starting User Manager for UID 1000...
[[0;32m  OK  [0m] Started User Manager for UID 1000.
[[0;32m  OK  [0m] Started Wait until snapd is fully seeded.
         Starting Apply the settings specified in cloud-config...
[[0;32m  OK  [0m] Reached target Multi-User System.
[[0;32m  OK  [0m] Reached target Graphical Interface.
         Starting Update UTMP about System Runlevel Changes...
[[0;32m  OK  [0m] Started Update UTMP about System Runlevel Changes.

Ubuntu 16.04.6 LTS ubuntu-xenial ttyS0

ubuntu-xenial login: [   43.201090] cloud-init[1362]: Generating locales (this might take a while)...
[   46.672801] cloud-init[1362]:   en_US.UTF-8... done
[   46.684206] cloud-init[1362]: Generation complete.
[   48.409047] cloud-init[1362]: Cloud-init v. 19.1-1-gbaa47854-0ubuntu1~16.04.1 running 'modules:config' at Fri, 23 Aug 2019 16:29:46 +0000. Up 42.56 seconds.
ci-info: no authorized ssh keys fingerprints found for user ubuntu.
<14>Aug 23 16:29:53 ec2: 
<14>Aug 23 16:29:53 ec2: #############################################################
<14>Aug 23 16:29:53 ec2: -----BEGIN SSH HOST KEY FINGERPRINTS-----
<14>Aug 23 16:29:53 ec2: 1024 SHA256:oo8OhIdyGLZxXmkRKCaFZ1q/WmrVyEfEoCK3WWeEyy0 root@ubuntu-xenial (DSA)
<14>Aug 23 16:29:53 ec2: 256 SHA256:jX7jkZ8PTX9kgCnhKA+h5kGEienTlNx7NXK0DqZtQZc root@ubuntu-xenial (ECDSA)
<14>Aug 23 16:29:53 ec2: 256 SHA256:Q9ZvLp/zAg12CYl29ru505DxrBIQUzWGOnR8BBcDiu8 root@ubuntu-xenial (ED25519)
<14>Aug 23 16:29:53 ec2: 2048 SHA256:+sFGKdXKWwHJt3NcsOVcsMsFJ3qzOewms3lGNyIwBrw root@ubuntu-xenial (RSA)
<14>Aug 23 16:29:53 ec2: -----END SSH HOST KEY FINGERPRINTS-----
<14>Aug 23 16:29:53 ec2: #############################################################
-----BEGIN SSH HOST KEY KEYS-----
ecdsa-sha2-nistp256 AAAAE2VjZHNhLXNoYTItbmlzdHAyNTYAAAAIbmlzdHAyNTYAAABBBF/lD+8aWnWglVUDBntDxBucRa4lWOPbS8nFUL/SuIuDsSBWutI5FSf2dpJdUzq75WJHBX2RNy5vSGrKLJ23Naw= root@ubuntu-xenial
ssh-ed25519 AAAAC3NzaC1lZDI1NTE5AAAAIFNHkiq24kQMnnFNQ0HpDt4ShjjqWD9ShlIhei6jVHV1 root@ubuntu-xenial
ssh-rsa AAAAB3NzaC1yc2EAAAADAQABAAABAQC5MUACWnqQUlIvLW5VVYFsBUhVURCEq3T/y65UCwzdzsuR4KmKm9T+TV3ocEeGjd/PNAjFQq+VxfipoHfj/uOicNPEHd/gNE0d/uVLd81y5mpc+BqN/pUIvSu2vAHeB9xBG+r2UdH7YBc4sBMftn66WfgdMRw1x9kW5TE0zoi+Jp7sd16mUt0QYrDvnWggealsGGM8JKJH9PcAbGKHQ58O0AFVgV2RwkA3SlFe2p8qVZV5+Xy2iPZDIjjNdXfIlsMA2aRtDW5Wkfc2uNIOU4dlgANDcsY3W3JZCcCVRIOU0TrYhSRstSA2Ot338myrKeMt+1kuTDDi4m9Dj4PxGrRV root@ubuntu-xenial
-----END SSH HOST KEY KEYS-----
[   50.636661] cloud-init[1523]: Cloud-init v. 19.1-1-gbaa47854-0ubuntu1~16.04.1 running 'modules:final' at Fri, 23 Aug 2019 16:29:52 +0000. Up 49.54 seconds.
[   50.637592] cloud-init[1523]: ci-info: no authorized ssh keys fingerprints found for user ubuntu.
[   50.638376] cloud-init[1523]: Cloud-init v. 19.1-1-gbaa47854-0ubuntu1~16.04.1 finished at Fri, 23 Aug 2019 16:29:54 +0000. Datasource DataSourceNoCloud [seed=/dev/sdb][dsmode=net].  Up 50.59 seconds
